<?xml version="1.0" encoding="utf-8"?><testsuites><testsuite name="pytest" errors="0" failures="0" skipped="1" tests="5" time="9.758" timestamp="2026-03-07T02:48:09.724518" hostname="desktop"><testcase classname="test.test_t1_container_startup" name="test_ros2_available" time="0.001" /><testcase classname="test.test_t1_container_startup" name="test_gz_available" time="0.000" /><testcase classname="test.test_t2_topic_comms" name="test_scan_from_turtlebot" time="0.000"><skipped type="pytest.xfail" message="T2 deferred to Phase 10: requires physical turtlebot hardware on LAN" /></testcase><testcase classname="test.test_t3_gazebo_launch" name="test_clock_publishing" time="0.204" /><testcase classname="test.test_t4_drive_command" name="test_drive_moves_robot" time="9.199" /></testsuite></testsuites>