<?xml version="1.0" encoding="utf-8"?><testsuites><testsuite name="pytest" errors="0" failures="0" skipped="0" tests="3" time="2.872" timestamp="2026-03-07T02:49:05.313225" hostname="desktop"><testcase classname="test.test_t5_obstacle_avoidance" name="test_scan_publishing" time="0.555" /><testcase classname="test.test_t5_obstacle_avoidance" name="test_forward_velocity_gated_by_obstacle" time="0.211" /><testcase classname="test.test_t5_obstacle_avoidance" name="test_reverse_always_passes" time="1.952" /></testsuite></testsuites>